2025-07-25 22:40:34.603 UTC [48] LOG:  starting PostgreSQL 15.13 (Debian 15.13-1.pgdg120+1) on x86_64-pc-linux-gnu, compiled by gcc (Debian 12.2.0-14) 12.2.0, 64-bit
2025-07-25 22:40:34.606 UTC [48] LOG:  listening on Unix socket "/var/run/postgresql/.s.PGSQL.5432"
2025-07-25 22:40:34.611 UTC [52] LOG:  database system was shut down at 2025-07-25 22:40:34 UTC
2025-07-25 22:40:34.617 UTC [48] LOG:  database system is ready to accept connections
2025-07-25 22:40:34.829 UTC [48] LOG:  received fast shutdown request
2025-07-25 22:40:34.834 UTC [48] LOG:  aborting any active transactions
2025-07-25 22:40:34.836 UTC [48] LOG:  background worker "logical replication launcher" (PID 55) exited with exit code 1
2025-07-25 22:40:34.837 UTC [50] LOG:  shutting down
2025-07-25 22:40:34.840 UTC [50] LOG:  checkpoint starting: shutdown immediate
2025-07-25 22:40:34.921 UTC [50] LOG:  checkpoint complete: wrote 918 buffers (5.6%); 0 WAL file(s) added, 0 removed, 0 recycled; write=0.025 s, sync=0.048 s, total=0.084 s; sync files=301, longest=0.003 s, average=0.001 s; distance=4222 kB, estimate=4222 kB
2025-07-25 22:40:34.932 UTC [48] LOG:  database system is shut down
2025-07-25 22:40:35.059 UTC [1] LOG:  starting PostgreSQL 15.13 (Debian 15.13-1.pgdg120+1) on x86_64-pc-linux-gnu, compiled by gcc (Debian 12.2.0-14) 12.2.0, 64-bit
2025-07-25 22:40:35.060 UTC [1] LOG:  listening on IPv4 address "0.0.0.0", port 5432
2025-07-25 22:40:35.060 UTC [1] LOG:  listening on IPv6 address "::", port 5432
2025-07-25 22:40:35.064 UTC [1] LOG:  listening on Unix socket "/var/run/postgresql/.s.PGSQL.5432"
2025-07-25 22:40:35.068 UTC [66] LOG:  database system was shut down at 2025-07-25 22:40:34 UTC
2025-07-25 22:40:35.075 UTC [1] LOG:  database system is ready to accept connections
2025-07-25 22:43:51.833 UTC [1] LOG:  received fast shutdown request
2025-07-25 22:43:51.835 UTC [1] LOG:  aborting any active transactions
2025-07-25 22:43:51.837 UTC [1] LOG:  background worker "logical replication launcher" (PID 69) exited with exit code 1
2025-07-25 22:43:51.837 UTC [64] LOG:  shutting down
2025-07-25 22:43:51.838 UTC [64] LOG:  checkpoint starting: shutdown immediate
2025-07-25 22:43:51.856 UTC [64] LOG:  checkpoint complete: wrote 95 buffers (0.6%); 0 WAL file(s) added, 0 removed, 0 recycled; write=0.005 s, sync=0.009 s, total=0.019 s; sync files=52, longest=0.002 s, average=0.001 s; distance=404 kB, estimate=404 kB
2025-07-25 22:43:51.863 UTC [1] LOG:  database system is shut down
